<?xml version="1.0" encoding="UTF-8"?>
<robot generator="Robot 3.2.2 (Python 3.9.0 on win32)" generated="20210311 03:26:43.827" rpa="false">
<suite id="s1" name="Setup TearDown" source="C:\Users\my pc\PycharmProjects\pythonProject\Robo_Trainig\Tests\Advance\Setup_TearDown.robot">
<test id="s1-t1" name="First Test Case">
<kw name="Log To Console" library="BuiltIn" type="setup">
<doc>Logs the given message to the console.</doc>
<arguments>
<arg>************11111 [Setup] Test Case 1111**************</arg>
</arguments>
<status status="PASS" starttime="20210311 03:26:43.874" endtime="20210311 03:26:43.874"></status>
</kw>
<kw name="Log To Console" library="BuiltIn">
<doc>Logs the given message to the console.</doc>
<arguments>
<arg>First Test Case</arg>
</arguments>
<status status="PASS" starttime="20210311 03:26:43.874" endtime="20210311 03:26:43.874"></status>
</kw>
<kw name="Log To Console" library="BuiltIn" type="teardown">
<doc>Logs the given message to the console.</doc>
<arguments>
<arg>************ 1111 [Teardown] Test Case 1111*************</arg>
</arguments>
<status status="PASS" starttime="20210311 03:26:43.874" endtime="20210311 03:26:43.874"></status>
</kw>
<doc>*********FIRST TEST CASE*************</doc>
<tags>
<tag>ALL_TC</tag>
<tag>Smoke</tag>
</tags>
<status status="PASS" starttime="20210311 03:26:43.874" endtime="20210311 03:26:43.874" critical="yes"></status>
</test>
<test id="s1-t2" name="Second Test Case">
<kw name="Log To Console" library="BuiltIn" type="setup">
<doc>Logs the given message to the console.</doc>
<arguments>
<arg>$$$$$$$$$TEST SETUP$$$$$$$$$$$$</arg>
</arguments>
<status status="PASS" starttime="20210311 03:26:43.874" endtime="20210311 03:26:43.874"></status>
</kw>
<kw name="Log To Console" library="BuiltIn">
<doc>Logs the given message to the console.</doc>
<arguments>
<arg>Second Test Case</arg>
</arguments>
<status status="PASS" starttime="20210311 03:26:43.890" endtime="20210311 03:26:43.890"></status>
</kw>
<kw name="Log To Console" library="BuiltIn" type="teardown">
<doc>Logs the given message to the console.</doc>
<arguments>
<arg>$$$$$$$$$TEST TEAR DOWN$$$$$$$$$$$$</arg>
</arguments>
<status status="PASS" starttime="20210311 03:26:43.890" endtime="20210311 03:26:43.890"></status>
</kw>
<doc>*********SECOND TEST CASE*************</doc>
<tags>
<tag>ALL_TC</tag>
<tag>Sanity</tag>
<tag>Smoke</tag>
</tags>
<status status="PASS" starttime="20210311 03:26:43.874" endtime="20210311 03:26:43.890" critical="yes"></status>
</test>
<test id="s1-t3" name="Third Test Case">
<kw name="Log To Console" library="BuiltIn" type="setup">
<doc>Logs the given message to the console.</doc>
<arguments>
<arg>$$$$$$$$$TEST SETUP$$$$$$$$$$$$</arg>
</arguments>
<status status="PASS" starttime="20210311 03:26:43.890" endtime="20210311 03:26:43.890"></status>
</kw>
<kw name="Log To Console" library="BuiltIn">
<doc>Logs the given message to the console.</doc>
<arguments>
<arg>Third Test Case</arg>
</arguments>
<status status="PASS" starttime="20210311 03:26:43.890" endtime="20210311 03:26:43.890"></status>
</kw>
<kw name="Log To Console" library="BuiltIn" type="teardown">
<doc>Logs the given message to the console.</doc>
<arguments>
<arg>$$$$$$$$$TEST TEAR DOWN$$$$$$$$$$$$</arg>
</arguments>
<status status="PASS" starttime="20210311 03:26:43.890" endtime="20210311 03:26:43.890"></status>
</kw>
<doc>*********THIRD TEST CASE*************</doc>
<tags>
<tag>ALL_TC</tag>
<tag>Regression</tag>
</tags>
<status status="PASS" starttime="20210311 03:26:43.890" endtime="20210311 03:26:43.890" critical="yes"></status>
</test>
<test id="s1-t4" name="Fourth Test Case">
<kw name="Log To Console" library="BuiltIn" type="setup">
<doc>Logs the given message to the console.</doc>
<arguments>
<arg>$$$$$$$$$TEST SETUP$$$$$$$$$$$$</arg>
</arguments>
<status status="PASS" starttime="20210311 03:26:43.890" endtime="20210311 03:26:43.890"></status>
</kw>
<kw name="Log To Console" library="BuiltIn">
<doc>Logs the given message to the console.</doc>
<arguments>
<arg>Fourth Test Case</arg>
</arguments>
<status status="PASS" starttime="20210311 03:26:43.890" endtime="20210311 03:26:43.890"></status>
</kw>
<kw name="Log To Console" library="BuiltIn" type="teardown">
<doc>Logs the given message to the console.</doc>
<arguments>
<arg>$$$$$$$$$TEST TEAR DOWN$$$$$$$$$$$$</arg>
</arguments>
<status status="PASS" starttime="20210311 03:26:43.890" endtime="20210311 03:26:43.890"></status>
</kw>
<doc>*********FOURTH TEST CASE*************</doc>
<tags>
<tag>ALL_TC</tag>
<tag>DFLT</tag>
</tags>
<status status="PASS" starttime="20210311 03:26:43.890" endtime="20210311 03:26:43.890" critical="yes"></status>
</test>
<doc>SETUP_TEAR_DOWN</doc>
<status status="PASS" starttime="20210311 03:26:43.827" endtime="20210311 03:26:43.890"></status>
</suite>
<statistics>
<total>
<stat pass="4" fail="0">Critical Tests</stat>
<stat pass="4" fail="0">All Tests</stat>
</total>
<tag>
<stat pass="4" fail="0">ALL_TC</stat>
<stat pass="1" fail="0">DFLT</stat>
<stat pass="1" fail="0">Regression</stat>
<stat pass="1" fail="0">Sanity</stat>
<stat pass="2" fail="0">Smoke</stat>
</tag>
<suite>
<stat pass="4" fail="0" id="s1" name="Setup TearDown">Setup TearDown</stat>
</suite>
</statistics>
<errors>
</errors>
</robot>
