<?xml version="1.0" encoding="UTF-8"?>
<robot generator="Robot 3.2.2 (Python 3.9.0 on win32)" generated="20210310 00:00:07.747" rpa="false">
<suite id="s1" name="Runtime Data" source="C:\Users\my pc\PycharmProjects\pythonProject\Tests\Advance\Runtime_Data.robot">
<test id="s1-t1" name="TC_001">
<kw name="Start Browser" library="Browser" type="setup">
<doc>Starts the browser</doc>
<kw name="Open Browser" library="SeleniumLibrary">
<doc>Opens a new browser instance to the optional ``url``.</doc>
<arguments>
<arg>${User_URL}</arg>
<arg>${Input_Browser}</arg>
</arguments>
<msg timestamp="20210310 00:00:08.630" level="INFO">Opening browser 'chrome' to base url 'https://www.thetestingworld.com/testings/'.</msg>
<status status="PASS" starttime="20210310 00:00:08.628" endtime="20210310 00:00:21.600"></status>
</kw>
<kw name="Maximize Browser Window" library="SeleniumLibrary">
<doc>Maximizes current browser window.</doc>
<status status="PASS" starttime="20210310 00:00:21.600" endtime="20210310 00:00:22.059"></status>
</kw>
<status status="PASS" starttime="20210310 00:00:08.627" endtime="20210310 00:00:22.059"></status>
</kw>
<kw name="Get Title" library="SeleniumLibrary">
<doc>Returns the title of the current page.</doc>
<assign>
<var>${Page_Title}</var>
</assign>
<msg timestamp="20210310 00:00:22.097" level="INFO">${Page_Title} = Login &amp; Sign Up Forms</msg>
<status status="PASS" starttime="20210310 00:00:22.061" endtime="20210310 00:00:22.097"></status>
</kw>
<kw name="Log" library="BuiltIn">
<doc>Logs the given message with the given level.</doc>
<arguments>
<arg>${Page_Title}</arg>
</arguments>
<msg timestamp="20210310 00:00:22.098" level="INFO">Login &amp; Sign Up Forms</msg>
<status status="PASS" starttime="20210310 00:00:22.098" endtime="20210310 00:00:22.098"></status>
</kw>
<kw name="Get Selenium Speed" library="SeleniumLibrary">
<doc>Gets the delay that is waited after each Selenium command.</doc>
<assign>
<var>${Speed}</var>
</assign>
<msg timestamp="20210310 00:00:22.104" level="INFO">${Speed} = 0 seconds</msg>
<status status="PASS" starttime="20210310 00:00:22.103" endtime="20210310 00:00:22.104"></status>
</kw>
<kw name="Log" library="BuiltIn">
<doc>Logs the given message with the given level.</doc>
<arguments>
<arg>${Speed}</arg>
</arguments>
<msg timestamp="20210310 00:00:22.105" level="INFO">0 seconds</msg>
<status status="PASS" starttime="20210310 00:00:22.104" endtime="20210310 00:00:22.105"></status>
</kw>
<kw name="Get Value" library="SeleniumLibrary">
<doc>Returns the value attribute of the element identified by ``locator``.</doc>
<arguments>
<arg>xpath://input[@type='submit']</arg>
</arguments>
<assign>
<var>${Value}</var>
</assign>
<msg timestamp="20210310 00:00:22.346" level="INFO">${Value} = Sign up</msg>
<status status="PASS" starttime="20210310 00:00:22.106" endtime="20210310 00:00:22.346"></status>
</kw>
<kw name="Log" library="BuiltIn">
<doc>Logs the given message with the given level.</doc>
<arguments>
<arg>${Value}</arg>
</arguments>
<msg timestamp="20210310 00:00:22.354" level="INFO">Sign up</msg>
<status status="PASS" starttime="20210310 00:00:22.353" endtime="20210310 00:00:22.354"></status>
</kw>
<kw name="Get Text" library="SeleniumLibrary">
<doc>Returns the text value of the element identified by ``locator``.</doc>
<arguments>
<arg>xpath://a[@class='displayPopup']</arg>
</arguments>
<assign>
<var>${Text}</var>
</assign>
<msg timestamp="20210310 00:00:22.441" level="INFO">${Text} = Read Detail</msg>
<status status="PASS" starttime="20210310 00:00:22.354" endtime="20210310 00:00:22.441"></status>
</kw>
<kw name="Log" library="BuiltIn">
<doc>Logs the given message with the given level.</doc>
<arguments>
<arg>${Text}</arg>
</arguments>
<msg timestamp="20210310 00:00:22.442" level="INFO">Read Detail</msg>
<status status="PASS" starttime="20210310 00:00:22.442" endtime="20210310 00:00:22.442"></status>
</kw>
<kw name="Shut Browser" library="Browser" type="teardown">
<doc>Closes the Browser and returns the title of the page</doc>
<kw name="Get Title" library="SeleniumLibrary">
<doc>Returns the title of the current page.</doc>
<assign>
<var>${Title}</var>
</assign>
<msg timestamp="20210310 00:00:22.497" level="INFO">${Title} = Login &amp; Sign Up Forms</msg>
<status status="PASS" starttime="20210310 00:00:22.458" endtime="20210310 00:00:22.497"></status>
</kw>
<kw name="Log" library="BuiltIn">
<doc>Logs the given message with the given level.</doc>
<arguments>
<arg>${Title}</arg>
</arguments>
<msg timestamp="20210310 00:00:22.498" level="INFO">Login &amp; Sign Up Forms</msg>
<status status="PASS" starttime="20210310 00:00:22.497" endtime="20210310 00:00:22.498"></status>
</kw>
<kw name="Close Browser" library="SeleniumLibrary">
<doc>Closes the current browser.</doc>
<status status="PASS" starttime="20210310 00:00:22.498" endtime="20210310 00:00:27.025"></status>
</kw>
<status status="PASS" starttime="20210310 00:00:22.457" endtime="20210310 00:00:27.025"></status>
</kw>
<status status="PASS" starttime="20210310 00:00:08.624" endtime="20210310 00:00:27.026" critical="yes"></status>
</test>
<status status="PASS" starttime="20210310 00:00:07.751" endtime="20210310 00:00:27.027"></status>
</suite>
<statistics>
<total>
<stat pass="1" fail="0">Critical Tests</stat>
<stat pass="1" fail="0">All Tests</stat>
</total>
<tag>
</tag>
<suite>
<stat pass="1" fail="0" id="s1" name="Runtime Data">Runtime Data</stat>
</suite>
</statistics>
<errors>
</errors>
</robot>
