<?xml version="1.0" encoding="UTF-8"?>
<robot generator="Robot 3.2.2 (Python 3.9.0 on win32)" generated="20210309 19:31:42.950" rpa="false">
<suite id="s1" name="Button" source="C:\Users\my pc\PycharmProjects\pythonProject\Tests\Basic\Button.robot">
<test id="s1-t1" name="Test Button">
<kw name="Open Browser" library="SeleniumLibrary">
<doc>Opens a new browser instance to the optional ``url``.</doc>
<arguments>
<arg>${url}</arg>
<arg>${browser}</arg>
</arguments>
<msg timestamp="20210309 19:31:43.545" level="INFO">Opening browser 'chrome' to base url 'http://www.dummypoint.com/seleniumtemplate.html'.</msg>
<status status="PASS" starttime="20210309 19:31:43.544" endtime="20210309 19:31:59.623"></status>
</kw>
<kw name="Click Button" library="SeleniumLibrary">
<doc>Clicks the button identified by ``locator``.</doc>
<arguments>
<arg>xpath://input[@type='submit']</arg>
</arguments>
<msg timestamp="20210309 19:31:59.651" level="INFO">Clicking button 'xpath://input[@type='submit']'.</msg>
<status status="PASS" starttime="20210309 19:31:59.650" endtime="20210309 19:32:00.000"></status>
</kw>
<kw name="Set Selenium Implicit Wait" library="SeleniumLibrary">
<doc>Sets the implicit wait value used by Selenium.</doc>
<arguments>
<arg>20 seconds</arg>
</arguments>
<status status="PASS" starttime="20210309 19:32:00.030" endtime="20210309 19:32:00.033"></status>
</kw>
<kw name="Close Browser" library="SeleniumLibrary">
<doc>Closes the current browser.</doc>
<status status="PASS" starttime="20210309 19:32:00.035" endtime="20210309 19:32:03.420"></status>
</kw>
<status status="PASS" starttime="20210309 19:31:43.543" endtime="20210309 19:32:03.421" critical="yes"></status>
</test>
<status status="PASS" starttime="20210309 19:31:42.953" endtime="20210309 19:32:03.428"></status>
</suite>
<statistics>
<total>
<stat pass="1" fail="0">Critical Tests</stat>
<stat pass="1" fail="0">All Tests</stat>
</total>
<tag>
</tag>
<suite>
<stat pass="1" fail="0" id="s1" name="Button">Button</stat>
</suite>
</statistics>
<errors>
</errors>
</robot>
